Library/Bee/Android/Prj/IL2CPP/Gradle/launcher/build/intermediates/manifest_merge_blame_file/release/manifest-merger-blame-release-report.txt
1<?xml version="1.0" encoding="utf-8"?>
2<manifest xmlns:android="http://schemas.android.com/apk/res/android"
3    package="com.Huizi.CountyFair"
4    android:installLocation="auto"
5    android:versionCode="1"
6    android:versionName="0.1.0" >
7
8    <uses-sdk
9        android:minSdkVersion="23"
9-->src\main\AndroidManifest.xml
10        android:targetSdkVersion="33" />
10-->src\main\AndroidManifest.xml
11
12    <supports-screens
12-->src\main\AndroidManifest.xml:3:3-163
13        android:anyDensity="true"
13-->src\main\AndroidManifest.xml:3:135-160
14        android:largeScreens="true"
14-->src\main\AndroidManifest.xml:3:78-105
15        android:normalScreens="true"
15-->src\main\AndroidManifest.xml:3:49-77
16        android:smallScreens="true"
16-->src\main\AndroidManifest.xml:3:21-48
17        android:xlargeScreens="true" />
17-->src\main\AndroidManifest.xml:3:106-134
18
19    <uses-feature android:glEsVersion="0x00030000" />
19-->[:unityLibrary] AndroidManifest.xml:12:5-54
19-->[:unityLibrary] AndroidManifest.xml:12:19-51
20    <uses-feature
20-->[:unityLibrary] AndroidManifest.xml:13:5-15:36
21        android:name="android.hardware.vulkan.version"
21-->[:unityLibrary] AndroidManifest.xml:14:9-55
22        android:required="false" />
22-->[:unityLibrary] AndroidManifest.xml:15:9-33
23
24    <supports-gl-texture android:name="GL_KHR_texture_compression_astc_ldr" />
24-->[:unityLibrary] AndroidManifest.xml:17:5-79
24-->[:unityLibrary] AndroidManifest.xml:17:26-76
25
26    <uses-feature
26-->[:unityLibrary] AndroidManifest.xml:19:5-21:36
27        android:name="android.hardware.touchscreen"
27-->[:unityLibrary] AndroidManifest.xml:20:9-52
28        android:required="false" />
28-->[:unityLibrary] AndroidManifest.xml:21:9-33
29    <uses-feature
29-->[:unityLibrary] AndroidManifest.xml:22:5-24:36
30        android:name="android.hardware.touchscreen.multitouch"
30-->[:unityLibrary] AndroidManifest.xml:23:9-63
31        android:required="false" />
31-->[:unityLibrary] AndroidManifest.xml:24:9-33
32    <uses-feature
32-->[:unityLibrary] AndroidManifest.xml:25:5-27:36
33        android:name="android.hardware.touchscreen.multitouch.distinct"
33-->[:unityLibrary] AndroidManifest.xml:26:9-72
34        android:required="false" />
34-->[:unityLibrary] AndroidManifest.xml:27:9-33
35    <uses-feature
35-->[:unityLibrary:xrmanifest.androidlib] AndroidManifest.xml:9:5-12:31
36        android:name="android.hardware.vr.headtracking"
36-->[:unityLibrary:xrmanifest.androidlib] AndroidManifest.xml:10:9-56
37        android:required="true"
37-->[:unityLibrary:xrmanifest.androidlib] AndroidManifest.xml:11:9-32
38        android:version="1" />
38-->[:unityLibrary:xrmanifest.androidlib] AndroidManifest.xml:12:9-28
39
40    <application
40-->src\main\AndroidManifest.xml:4:3-83
41        android:extractNativeLibs="true"
41-->[:unityLibrary] AndroidManifest.xml:29:18-50
42        android:icon="@mipmap/app_icon"
42-->src\main\AndroidManifest.xml:4:49-80
43        android:label="@string/app_name" >
43-->src\main\AndroidManifest.xml:4:16-48
44        <activity
44-->[:unityLibrary] AndroidManifest.xml:30:9-52:20
45            android:name="com.unity3d.player.UnityPlayerActivity"
45-->[:unityLibrary] AndroidManifest.xml:31:13-66
46            android:configChanges="mcc|mnc|locale|touchscreen|keyboard|keyboardHidden|navigation|orientation|screenLayout|uiMode|screenSize|smallestScreenSize|fontScale|layoutDirection|density"
46-->[:unityLibrary] AndroidManifest.xml:32:13-194
47            android:exported="true"
47-->[:unityLibrary] AndroidManifest.xml:33:13-36
48            android:hardwareAccelerated="false"
48-->[:unityLibrary] AndroidManifest.xml:34:13-48
49            android:launchMode="singleTask"
49-->[:unityLibrary] AndroidManifest.xml:35:13-44
50            android:resizeableActivity="false"
50-->[:unityLibrary] AndroidManifest.xml:36:13-47
51            android:screenOrientation="fullUser"
51-->[:unityLibrary] AndroidManifest.xml:37:13-49
52            android:theme="@style/UnityThemeSelector" >
52-->[:unityLibrary] AndroidManifest.xml:38:13-54
53            <intent-filter>
53-->[:unityLibrary] AndroidManifest.xml:39:13-44:29
54                <action android:name="android.intent.action.MAIN" />
54-->[:unityLibrary] AndroidManifest.xml:40:17-69
54-->[:unityLibrary] AndroidManifest.xml:40:25-66
55
56                <category android:name="android.intent.category.LAUNCHER" />
56-->[:unityLibrary] AndroidManifest.xml:42:17-77
56-->[:unityLibrary] AndroidManifest.xml:42:27-74
57                <category android:name="com.oculus.intent.category.VR" />
57-->[:unityLibrary] AndroidManifest.xml:43:17-74
57-->[:unityLibrary] AndroidManifest.xml:43:27-71
58            </intent-filter>
59
60            <meta-data
60-->[:unityLibrary] AndroidManifest.xml:46:13-48:40
61                android:name="unityplayer.UnityActivity"
61-->[:unityLibrary] AndroidManifest.xml:47:17-57
62                android:value="true" />
62-->[:unityLibrary] AndroidManifest.xml:48:17-37
63            <meta-data
63-->[:unityLibrary] AndroidManifest.xml:49:13-51:40
64                android:name="android.notch_support"
64-->[:unityLibrary] AndroidManifest.xml:50:17-53
65                android:value="true" />
65-->[:unityLibrary] AndroidManifest.xml:51:17-37
66            <meta-data
66-->[:unityLibrary:xrmanifest.androidlib] AndroidManifest.xml:16:13-18:40
67                android:name="com.oculus.vr.focusaware"
67-->[:unityLibrary:xrmanifest.androidlib] AndroidManifest.xml:17:17-56
68                android:value="true" />
68-->[:unityLibrary:xrmanifest.androidlib] AndroidManifest.xml:18:17-37
69        </activity>
70
71        <meta-data
71-->[:unityLibrary] AndroidManifest.xml:54:9-56:33
72            android:name="unity.splash-mode"
72-->[:unityLibrary] AndroidManifest.xml:55:13-45
73            android:value="0" />
73-->[:unityLibrary] AndroidManifest.xml:56:13-30
74        <meta-data
74-->[:unityLibrary] AndroidManifest.xml:57:9-59:36
75            android:name="unity.splash-enable"
75-->[:unityLibrary] AndroidManifest.xml:58:13-47
76            android:value="True" />
76-->[:unityLibrary] AndroidManifest.xml:59:13-33
77        <meta-data
77-->[:unityLibrary] AndroidManifest.xml:60:9-62:36
78            android:name="unity.launch-fullscreen"
78-->[:unityLibrary] AndroidManifest.xml:61:13-51
79            android:value="True" />
79-->[:unityLibrary] AndroidManifest.xml:62:13-33
80        <meta-data
80-->[:unityLibrary] AndroidManifest.xml:63:9-65:37
81            android:name="unity.allow-resizable-window"
81-->[:unityLibrary] AndroidManifest.xml:64:13-56
82            android:value="False" />
82-->[:unityLibrary] AndroidManifest.xml:65:13-34
83        <meta-data
83-->[:unityLibrary] AndroidManifest.xml:66:9-68:50
84            android:name="notch.config"
84-->[:unityLibrary] AndroidManifest.xml:67:13-40
85            android:value="portrait|landscape" />
85-->[:unityLibrary] AndroidManifest.xml:68:13-47
86        <meta-data
86-->[:unityLibrary] AndroidManifest.xml:69:9-71:36
87            android:name="unity.auto-report-fully-drawn"
87-->[:unityLibrary] AndroidManifest.xml:70:13-57
88            android:value="true" />
88-->[:unityLibrary] AndroidManifest.xml:71:13-33
89        <meta-data
89-->[:unityLibrary:xrmanifest.androidlib] AndroidManifest.xml:21:9-23:52
90            android:name="com.oculus.supportedDevices"
90-->[:unityLibrary:xrmanifest.androidlib] AndroidManifest.xml:22:13-55
91            android:value="quest|quest2|cambria" />
91-->[:unityLibrary:xrmanifest.androidlib] AndroidManifest.xml:23:13-49
92    </application>
93
94</manifest>